added manifest
adding: BattleshipAI.class(in = 813) (out= 539)(deflated 33%)
adding: Game.class(in = 2482) (out= 1321)(deflated 46%)
adding: GameController.class(in = 6171) (out= 3127)(deflated 49%)
adding: GamePanel$1.class(in = 1373) (out= 764)(deflated 44%)
adding: GamePanel$2.class(in = 1080) (out= 688)(deflated 36%)
adding: GamePanel$3.class(in = 605) (out= 419)(deflated 30%)
adding: GamePanel$GameState.class(in = 1076) (out= 590)(deflated 45%)
adding: GamePanel.class(in = 6628) (out= 3306)(deflated 50%)
adding: Marker.class(in = 1403) (out= 864)(deflated 38%)
adding: Menu.class(in = 8414) (out= 4056)(deflated 51%)
adding: Position.class(in = 1868) (out= 1004)(deflated 46%)
adding: Rectangle.class(in = 840) (out= 501)(deflated 40%)
adding: SelectionGrid.class(in = 4388) (out= 2518)(deflated 42%)
adding: Ship$ShipPlacementColour.class(in = 1093) (out= 583)(deflated 46%)
adding: Ship.class(in = 2612) (out= 1419)(deflated 45%)
adding: SimpleRandomAI.class(in = 616) (out= 400)(deflated 35%)
adding: SmarterAI.class(in = 5109) (out= 2752)(deflated 46%)
adding: SplashScreen.class(in = 2134) (out= 1171)(deflated 45%)
adding: StatusPanel.class(in = 2086) (out= 1140)(deflated 45%)
adding: Translations.class(in = 3587) (out= 2042)(deflated 43%)
adding: JAP_CompileScript.bat.txt(in = 3495) (out= 907)(deflated 74%)
adding: background.png(in = 4510788) (out= 4511373)(deflated 0%)
adding: bow_east.png(in = 618) (out= 623)(deflated 0%)
adding: bow_north.png(in = 682) (out= 687)(deflated 0%)
adding: bow_south.png(in = 684) (out= 689)(deflated 0%)
adding: bow_west.png(in = 599) (out= 604)(deflated 0%)
adding: bs_assets.kra(in = 23928) (out= 19034)(deflated 20%)
adding: hit.png(in = 3926) (out= 3931)(deflated 0%)
adding: logo.png(in = 19335) (out= 19342)(deflated 0%)
adding: midhull_horiz.png(in = 240) (out= 239)(deflated 0%)
adding: midhull_vert.png(in = 273) (out= 274)(deflated 0%)
adding: miss.png(in = 2422) (out= 2427)(deflated 0%)
adding: splash_image.png(in = 421556) (out= 421675)(deflated 0%)
adding: Hand-drawn vintage ships wheel in the old-fashioned style_ Vector illustration vector il.png(in = 394072) (out= 391762)(deflated 0%)
adding: a.gif(in = 1453) (out= 1458)(deflated 0%)
adding: e.gif(in = 3581) (out= 3582)(deflated 0%)
adding: exit.gif(in = 1171) (out= 1176)(deflated 0%)
adding: f.gif(in = 2487) (out= 2492)(deflated 0%)
adding: g.gif(in = 1356) (out= 957)(deflated 29%)
adding: h.gif(in = 1095) (out= 1100)(deflated 0%)
adding: l.gif(in = 1351) (out= 963)(deflated 28%)
adding: o.gif(in = 1413) (out= 1418)(deflated 0%)
adding: piciconpor.gif(in = 2668) (out= 2673)(deflated 0%)
adding: piciconsol.gif(in = 1393) (out= 1398)(deflated 0%)
adding: r.png(in = 1241) (out= 1246)(deflated 0%)
adding: v.png(in = 936) (out= 941)(deflated 0%)
adding: vietnam (1).png(in = 979) (out= 984)(deflated 0%)
